<?xml version="1.0" encoding="UTF-8"?>
<!-- Generated by org.testng.reporters.JUnitReportReporter -->
<testsuite hostname="LAPTOP-PratikD" failures="0" tests="2" name="S14_114_Streams" time="0.022" errors="0" timestamp="2025-02-19T20:36:33 IST" skipped="0">
  <testcase classname="S14_114_Streams" name="regular" time="0.017"/>
  <system-out/>
  <testcase classname="S14_114_Streams" name="streamfilter" time="0.005"/>
  <system-out/>
</testsuite> <!-- S14_114_Streams -->
